2011-12-02 10:54:23,624 [4] ?.lambda_method(:0) - NHibernate 3.2.0.4000 (3.2.0.4000)

2011-12-02 10:54:23,780 [4] ?.lambda_method(:0) - hibernate-configuration section not found in application configuration file

2011-12-02 10:54:23,780 [4] ?.lambda_method(:0) - Bytecode provider name : lcg

2011-12-02 10:54:23,780 [4] ?.lambda_method(:0) - Using reflection optimizer

2011-12-02 10:54:23,827 [4] ?.lambda_method(:0) - No mapped documents found in assembly: MyStore.Domain, Version=1.0.0.0, Culture=neutral, PublicKeyToken=null

2011-12-02 10:54:24,187 [4] ?.lambda_method(:0) - Using dialect: NHibernate.Dialect.MsSql2008Dialect

2011-12-02 10:54:24,249 [4] ?.lambda_method(:0) - Mapping class: MyStore.Domain.ProductMgmt.ProductCategory -> ProductCategories

2011-12-02 10:54:24,280 [4] ?.lambda_method(:0) - Mapping collection: MyStore.Domain.ProductMgmt.ProductCategory.Products -> Products_ProductCategories

2011-12-02 10:54:24,296 [4] ?.lambda_method(:0) - Mapping class: MyStore.Domain.Person -> People

2011-12-02 10:54:24,296 [4] ?.lambda_method(:0) - Mapping class: MyStore.Domain.Order -> Orders

2011-12-02 10:54:24,296 [4] ?.lambda_method(:0) - Mapping class: MyStore.Domain.Customer -> Customers

2011-12-02 10:54:24,296 [4] ?.lambda_method(:0) - Mapping class: MyStore.Domain.ProductMgmt.Product -> Products

2011-12-02 10:54:24,296 [4] ?.lambda_method(:0) - Mapping collection: MyStore.Domain.ProductMgmt.Product.Categories -> Products_ProductCategories

2011-12-02 10:54:24,296 [4] ?.lambda_method(:0) - Mapping class: MyStore.Domain.OrderLineItem -> OrderLineItems

2011-12-02 10:54:24,296 [4] ?.lambda_method(:0) - checking mappings queue

2011-12-02 10:54:24,296 [4] ?.lambda_method(:0) - processing one-to-many association mappings

2011-12-02 10:54:24,312 [4] ?.lambda_method(:0) - mapping collection: MyStore.Domain.ProductMgmt.ProductCategory.Children -> ProductCategories

2011-12-02 10:54:24,312 [4] ?.lambda_method(:0) - mapping collection: MyStore.Domain.Order.OrderLineItems -> OrderLineItems

2011-12-02 10:54:24,312 [4] ?.lambda_method(:0) - mapping collection: MyStore.Domain.Customer.Orders -> Orders

2011-12-02 10:54:24,312 [4] ?.lambda_method(:0) - processing one-to-one association property references

2011-12-02 10:54:24,312 [4] ?.lambda_method(:0) - processing foreign key constraints

2011-12-02 10:54:24,312 [4] ?.lambda_method(:0) - processing filters (second pass)

2011-12-02 10:54:24,374 [4] ?.lambda_method(:0) - Using dialect: NHibernate.Dialect.MsSql2008Dialect

2011-12-02 10:54:24,374 [4] ?.lambda_method(:0) - Using dialect: NHibernate.Dialect.MsSql2008Dialect

2011-12-02 10:54:24,421 [4] ?.lambda_method(:0) - Using dialect defined converter

2011-12-02 10:54:24,421 [4] ?.lambda_method(:0) - Generate SQL with comments: disabled

2011-12-02 10:54:24,437 [4] ?.lambda_method(:0) - Configuring ConnectionProvider

2011-12-02 10:54:24,437 [4] ?.lambda_method(:0) - Transaction factory: NHibernate.Transaction.AdoNetWithDistributedTransactionFactory

2011-12-02 10:54:24,437 [4] ?.lambda_method(:0) - Optimize cache for minimal puts: False

2011-12-02 10:54:24,437 [4] ?.lambda_method(:0) - Connection release mode: auto

2011-12-02 10:54:24,437 [4] ?.lambda_method(:0) - Default batch fetch size: 1

2011-12-02 10:54:24,437 [4] ?.lambda_method(:0) - Statistics: disabled

2011-12-02 10:54:24,437 [4] ?.lambda_method(:0) - Deleted entity synthetic identifier rollback: disabled

2011-12-02 10:54:24,437 [4] ?.lambda_method(:0) - Query translator: NHibernate.Hql.Ast.ANTLR.ASTQueryTranslatorFactory

2011-12-02 10:54:24,452 [4] ?.lambda_method(:0) - Query language substitutions: {'true'='1', 'false'='0', 'yes'=''Y'', 'no'=''N''}

2011-12-02 10:54:24,452 [4] ?.lambda_method(:0) - cache provider: NHibernate.Cache.NoCacheProvider, NHibernate, Version=3.2.0.4000, Culture=neutral, PublicKeyToken=aa95f207798dfdb4

2011-12-02 10:54:24,452 [4] ?.lambda_method(:0) - Order SQL inserts for batching: enabled

2011-12-02 10:54:24,452 [4] ?.lambda_method(:0) - Batcher factory: NHibernate.AdoNet.SqlClientBatchingBatcherFactory, NHibernate, Version=3.2.0.4000, Culture=neutral, PublicKeyToken=aa95f207798dfdb4

2011-12-02 10:54:24,452 [4] ?.lambda_method(:0) - Default entity-mode: Poco

2011-12-02 10:54:24,452 [4] ?.lambda_method(:0) - Named query checking : enabled

2011-12-02 10:54:24,468 [4] ?.lambda_method(:0) - building session factory

2011-12-02 10:54:24,937 [4] ?.lambda_method(:0) - no name configured

2011-12-02 10:54:30,218 [4] ?.lambda_method(:0) - handling property dereference [MyStore.Domain.Person (c) -> LastName (Class)]

2011-12-02 10:54:30,234 [4] ?.lambda_method(:0) - handling property dereference [MyStore.Domain.Person (c) -> FirstName (Class)]

2011-12-02 10:54:30,343 [4] ?.lambda_method(:0) - select person0_.Id as Id2_, person0_.FirstName as FirstName2_, person0_.LastName as LastName2_, person0_.BirthDate as BirthDate2_ from People person0_ order by person0_.LastName asc, person0_.FirstName asc

2011-12-02 10:54:53,297 [10] ?.lambda_method(:0) - select person0_.Id as Id2_, person0_.FirstName as FirstName2_, person0_.LastName as LastName2_, person0_.BirthDate as BirthDate2_ from People person0_ order by person0_.LastName asc, person0_.FirstName asc

2011-12-02 10:55:14,860 [8] ?.lambda_method(:0) - SELECT person0_.Id as Id2_0_, person0_.FirstName as FirstName2_0_, person0_.LastName as LastName2_0_, person0_.BirthDate as BirthDate2_0_ FROM People person0_ WHERE person0_.Id=@p0

2011-12-02 10:55:20,204 [8] ?.lambda_method(:0) - SELECT person0_.Id as Id2_0_, person0_.FirstName as FirstName2_0_, person0_.LastName as LastName2_0_, person0_.BirthDate as BirthDate2_0_ FROM People person0_ WHERE person0_.Id=@p0

2011-12-02 10:55:20,220 [10] ?.lambda_method(:0) - select person0_.Id as Id2_, person0_.FirstName as FirstName2_, person0_.LastName as LastName2_, person0_.BirthDate as BirthDate2_ from People person0_ order by person0_.LastName asc, person0_.FirstName asc

